Using pre-set license
Built from '2020.3/staging' branch; Version is '2020.3.22f1 (e1a7f79fd887) revision 14788599'; Using compiler version '192528614'; Build Type 'Release'
OS: 'Windows 10 Pro; OS build 19043.1348; Version 2009; 64bit' Language: 'ko' Physical Memory: 16293 MB
BatchMode: 1, IsHumanControllingUs: 0, StartBugReporterOnCrash: 0, Is64bit: 1, IsPro: 0

COMMAND LINE ARGUMENTS:
C:\Program Files\Unity\Hub\Editor\2020.3.22f1\Editor\Unity.exe
-adb2
-batchMode
-noUpm
-name
AssetImportWorker0
-projectPath
C:/git/osp/T01/3DRhythmGameDemo
-logFile
Logs/AssetImportWorker0.log
-srvPort
56124
Successfully changed project path to: C:/git/osp/T01/3DRhythmGameDemo
C:/git/osp/T01/3DRhythmGameDemo
Using Asset Import Pipeline V2.
Refreshing native plugins compatible for Editor in 29.05 ms, found 2 plugins.
Preloading 0 native plugins for Editor in 0.00 ms.
Initialize engine version: 2020.3.22f1 (e1a7f79fd887)
[Subsystems] Discovering subsystems at path C:/Program Files/Unity/Hub/Editor/2020.3.22f1/Editor/Data/Resources/UnitySubsystems
[Subsystems] Discovering subsystems at path C:/git/osp/T01/3DRhythmGameDemo/Assets
GfxDevice: creating device client; threaded=0
Direct3D:
    Version:  Direct3D 11.0 [level 11.1]
    Renderer: NVIDIA GeForce GTX 1660 SUPER (ID=0x21c4)
    Vendor:   
    VRAM:     5991 MB
    Driver:   30.0.14.7212
Initialize mono
Mono path[0] = 'C:/Program Files/Unity/Hub/Editor/2020.3.22f1/Editor/Data/Managed'
Mono path[1] = 'C:/Program Files/Unity/Hub/Editor/2020.3.22f1/Editor/Data/MonoBleedingEdge/lib/mono/unityjit'
Mono config path = 'C:/Program Files/Unity/Hub/Editor/2020.3.22f1/Editor/Data/MonoBleedingEdge/etc'
Using monoOptions --debugger-agent=transport=dt_socket,embedding=1,server=y,suspend=n,address=127.0.0.1:56396
Begin MonoManager ReloadAssembly
Registering precompiled unity dll's ...
Register platform support module: C:/Program Files/Unity/Hub/Editor/2020.3.22f1/Editor/Data/PlaybackEngines/WindowsStandaloneSupport/UnityEditor.WindowsStandalone.Extensions.dll
Registered in 0.001503 seconds.
Native extension for WindowsStandalone target not found
Refreshing native plugins compatible for Editor in 28.06 ms, found 2 plugins.
Preloading 0 native plugins for Editor in 0.00 ms.
Mono: successfully reloaded assembly
- Completed reload, in  1.467 seconds
Domain Reload Profiling:
	ReloadAssembly (1467ms)
		BeginReloadAssembly (44ms)
			ExecutionOrderSort (0ms)
			DisableScriptedObjects (0ms)
			BackupInstance (0ms)
			ReleaseScriptingObjects (0ms)
			CreateAndSetChildDomain (1ms)
		EndReloadAssembly (384ms)
			LoadAssemblies (42ms)
			RebuildTransferFunctionScriptingTraits (0ms)
			SetupTypeCache (136ms)
			ReleaseScriptCaches (0ms)
			RebuildScriptCaches (25ms)
			SetupLoadedEditorAssemblies (134ms)
				LogAssemblyErrors (0ms)
				InitializePlatformSupportModulesInManaged (3ms)
				SetLoadedEditorAssemblies (0ms)
				RefreshPlugins (28ms)
				BeforeProcessingInitializeOnLoad (14ms)
				ProcessInitializeOnLoadAttributes (66ms)
				ProcessInitializeOnLoadMethodAttributes (23ms)
				AfterProcessingInitializeOnLoad (0ms)
				EditorAssembliesLoaded (0ms)
			ExecutionOrderSort2 (0ms)
			AwakeInstancesAfterBackupRestoration (0ms)
Platform modules already initialized, skipping
Registering precompiled user dll's ...
Registered in 0.003456 seconds.
Begin MonoManager ReloadAssembly
Native extension for WindowsStandalone target not found
Refreshing native plugins compatible for Editor in 0.32 ms, found 2 plugins.
Preloading 0 native plugins for Editor in 0.00 ms.
Mono: successfully reloaded assembly
- Completed reload, in  0.865 seconds
Domain Reload Profiling:
	ReloadAssembly (866ms)
		BeginReloadAssembly (123ms)
			ExecutionOrderSort (0ms)
			DisableScriptedObjects (4ms)
			BackupInstance (0ms)
			ReleaseScriptingObjects (0ms)
			CreateAndSetChildDomain (15ms)
		EndReloadAssembly (689ms)
			LoadAssemblies (71ms)
			RebuildTransferFunctionScriptingTraits (0ms)
			SetupTypeCache (241ms)
			ReleaseScriptCaches (0ms)
			RebuildScriptCaches (36ms)
			SetupLoadedEditorAssemblies (257ms)
				LogAssemblyErrors (0ms)
				InitializePlatformSupportModulesInManaged (4ms)
				SetLoadedEditorAssemblies (0ms)
				RefreshPlugins (0ms)
				BeforeProcessingInitializeOnLoad (67ms)
				ProcessInitializeOnLoadAttributes (172ms)
				ProcessInitializeOnLoadMethodAttributes (8ms)
				AfterProcessingInitializeOnLoad (5ms)
				EditorAssembliesLoaded (0ms)
			ExecutionOrderSort2 (0ms)
			AwakeInstancesAfterBackupRestoration (6ms)
Platform modules already initialized, skipping
========================================================================
Worker process is ready to serve import requests
Launched and connected shader compiler UnityShaderCompiler.exe after 0.06 seconds
Refreshing native plugins compatible for Editor in 0.31 ms, found 2 plugins.
Preloading 0 native plugins for Editor in 0.00 ms.
Unloading 1539 Unused Serialized files (Serialized files now loaded: 0)
System memory in use before: 72.4 MB.
System memory in use after: 72.5 MB.

Unloading 19 unused Assets to reduce memory usage. Loaded Objects now: 1971.
Total: 2.871300 ms (FindLiveObjects: 0.135600 ms CreateObjectMapping: 0.045100 ms MarkObjects: 2.636800 ms  DeleteObjects: 0.053000 ms)

AssetImportParameters requested are different than current active one (requested -> active):
  requireTextureImportCompression: false -> true
  custom:framework-win-MediaFoundation: 216162199b28c13a410421893ffa2e32 -> 
  custom:video-decoder-ogg-theora: a1e56fd34408186e4bbccfd4996cb3dc -> 
  custom:container-muxer-webm: aa71ff27fc2769a1b78a27578f13a17b -> 
  custom:container-demuxer-webm: 4f35f7cbe854078d1ac9338744f61a02 -> 
  custom:container-demuxer-ogg: 62fdf1f143b41e24485cea50d1cbac27 -> 
  custom:video-encoder-webm-vp8: eb34c28f22e8b96e1ab97ce403110664 -> 
  custom:video-decoder-webm-vp8: 9c59270c3fd7afecdb556c50c9e8de78 -> 
  custom:audio-decoder-ogg-vorbis: bf7c407c2cedff20999df2af8eb42d56 -> 
  custom:audio-encoder-webm-vorbis: bf7c407c2cedff20999df2af8eb42d56 -> 
========================================================================
Received Import Request.
  path: Assets/Scenes/SampleScene.unity
  artifactKey: Guid(9fc0d4010bbf28b4594072e72b8655ab) Importer(815301076,1909f56bfc062723c751e8b465ee728b)
Start importing Assets/Scenes/SampleScene.unity using Guid(9fc0d4010bbf28b4594072e72b8655ab) Importer(815301076,1909f56bfc062723c751e8b465ee728b)  -> (artifact id: '70a0c93e96a7a34938f3087c658761ad') in 0.014682 seconds 
  Import took 0.016848 seconds .

========================================================================
Received Import Request.
  Time since last request: 72.050606 seconds.
  path: Assets/Scripts/Controller/CameraController.cs
  artifactKey: Guid(2d5d2f1aaac52c54fb9b94cbc6ce5fae) Importer(815301076,1909f56bfc062723c751e8b465ee728b)
Start importing Assets/Scripts/Controller/CameraController.cs using Guid(2d5d2f1aaac52c54fb9b94cbc6ce5fae) Importer(815301076,1909f56bfc062723c751e8b465ee728b)  -> (artifact id: 'a2c586230a502e6bdca63835e3ce61c4') in 0.025425 seconds 
  Import took 0.027724 seconds .

========================================================================
Received Import Request.
  Time since last request: 51.225867 seconds.
  path: Assets/Scripts/Controller/PlayController.cs
  artifactKey: Guid(f852e61b13fd3d84ca5621f6bfb6e9cf) Importer(815301076,1909f56bfc062723c751e8b465ee728b)
Start importing Assets/Scripts/Controller/PlayController.cs using Guid(f852e61b13fd3d84ca5621f6bfb6e9cf) Importer(815301076,1909f56bfc062723c751e8b465ee728b)  -> (artifact id: '48376c9d0c09635e9ee8dbde6e40e30a') in 0.007913 seconds 
  Import took 0.010958 seconds .

========================================================================
Received Import Request.
  Time since last request: 1029.465741 seconds.
  path: Assets/Image/Img_Note.png
  artifactKey: Guid(1c2e3a37152952441a7ed5d997e398f6) Importer(815301076,1909f56bfc062723c751e8b465ee728b)
Start importing Assets/Image/Img_Note.png using Guid(1c2e3a37152952441a7ed5d997e398f6) Importer(815301076,1909f56bfc062723c751e8b465ee728b)  -> (artifact id: 'ff6d303535b04d533b0ddeb54b646a94') in 0.122472 seconds 
  Import took 0.129834 seconds .

========================================================================
Received Import Request.
  Time since last request: 0.000154 seconds.
  path: Assets/Prefabs/Note.prefab
  artifactKey: Guid(707a483b0b5f9cb43af50bec63837c4c) Importer(815301076,1909f56bfc062723c751e8b465ee728b)
Start importing Assets/Prefabs/Note.prefab using Guid(707a483b0b5f9cb43af50bec63837c4c) Importer(815301076,1909f56bfc062723c751e8b465ee728b)  -> (artifact id: 'cabad8a944478e87b5041db5370418c8') in 0.017798 seconds 
  Import took 0.020056 seconds .

========================================================================
Received Import Request.
  Time since last request: 0.000190 seconds.
  path: Assets/Image/Img_NoteContainerLine.png
  artifactKey: Guid(815cca58878c19f44b63b85085b8668b) Importer(815301076,1909f56bfc062723c751e8b465ee728b)
Start importing Assets/Image/Img_NoteContainerLine.png using Guid(815cca58878c19f44b63b85085b8668b) Importer(815301076,1909f56bfc062723c751e8b465ee728b)  -> (artifact id: '7ae14378091d496d321e6b95d23f84b8') in 0.019220 seconds 
  Import took 0.021499 seconds .

========================================================================
Received Import Request.
  Time since last request: 0.000166 seconds.
  path: Assets/Image/Img_NoteFlame.png
  artifactKey: Guid(875108e09c311c9459708597cd3b7612) Importer(815301076,1909f56bfc062723c751e8b465ee728b)
Start importing Assets/Image/Img_NoteFlame.png using Guid(875108e09c311c9459708597cd3b7612) Importer(815301076,1909f56bfc062723c751e8b465ee728b)  -> (artifact id: '4de09291fe4aae2454914e2bad5a7f7d') in 0.011420 seconds 
  Import took 0.013582 seconds .

========================================================================
Received Import Request.
  Time since last request: 0.000134 seconds.
  path: Assets/Image/Img_NoteContainer.png
  artifactKey: Guid(c2768f8fe6ab7ff49977d752b6f9665a) Importer(815301076,1909f56bfc062723c751e8b465ee728b)
Start importing Assets/Image/Img_NoteContainer.png using Guid(c2768f8fe6ab7ff49977d752b6f9665a) Importer(815301076,1909f56bfc062723c751e8b465ee728b)  -> (artifact id: '6c6f018e1667c5c4fb3c5b6a7aaca47c') in 0.023418 seconds 
  Import took 0.025602 seconds .

========================================================================
Received Import Request.
  Time since last request: 2.394144 seconds.
  path: Assets/Scripts/Manager/NoteManager.cs
  artifactKey: Guid(24bf76e89a7a5e94d9d89afa61e14de2) Importer(815301076,1909f56bfc062723c751e8b465ee728b)
Start importing Assets/Scripts/Manager/NoteManager.cs using Guid(24bf76e89a7a5e94d9d89afa61e14de2) Importer(815301076,1909f56bfc062723c751e8b465ee728b)  -> (artifact id: 'db25c23e3d2a7cdc517ab20082aa0e5e') in 0.005824 seconds 
  Import took 0.008751 seconds .

